[10juil.2025 00:56:41.030] [main/INFO] [cpw.mods.modlauncher.Launcher/MODLAUNCHER]: ModLauncher running: args [--launchTarget, forgeclientdev, --version, 21.1.187, --assetIndex, asset-index, --assetsDir, C:\Users\maest\.gradle\caches\minecraft\assets, --gameDir, ., --fml.fmlVersion, 4.0.41, --fml.mcVersion, 1.21.1, --fml.neoForgeVersion, 21.1.187, --fml.neoFormVersion, 20240808.144430]
[10juil.2025 00:56:41.035] [main/INFO] [cpw.mods.modlauncher.Launcher/MODLAUNCHER]: JVM identified as Eclipse Adoptium OpenJDK 64-Bit Server VM 21.0.7+6-LTS
[10juil.2025 00:56:41.038] [main/INFO] [cpw.mods.modlauncher.Launcher/MODLAUNCHER]: ModLauncher 11.0.5+main.901c6ea8 starting: java version 21.0.7 by Eclipse Adoptium; OS Windows 11 arch amd64 version 10.0
[10juil.2025 00:56:41.298] [main/INFO] [net.neoforged.fml.loading.ImmediateWindowHandler/]: Loading ImmediateWindowProvider fmlearlywindow
[10juil.2025 00:56:41.439] [main/INFO] [EARLYDISPLAY/]: Trying GL version 4.6
[10juil.2025 00:56:41.595] [main/INFO] [EARLYDISPLAY/]: Requested GL version 4.6 got version 4.6
[10juil.2025 00:56:41.671] [main/INFO] [mixin/]: SpongePowered MIXIN Subsystem Version=0.8.7 Source=union:/C:/Users/maest/.gradle/caches/modules-2/files-2.1/net.fabricmc/sponge-mixin/0.15.2+mixin.0.8.7/2af2f021d8e02a0220dc27a7a72b4666d66d44ca/sponge-mixin-0.15.2+mixin.0.8.7.jar%23142!/ Service=ModLauncher Env=CLIENT
[10juil.2025 00:56:41.800] [main/INFO] [net.neoforged.fml.loading.moddiscovery.ModDiscoverer/SCAN]: Found mod file "neoforge-21.1.187.jar" [locator: neoforge devenv provider ([C:\Users\maest\Desktop\mod-test-vol\MDK-1.21.1-NeoGradle-main\.gradle\repositories\ng_dummy_ng\net\neoforged\neoforge\21.1.187\neoforge-21.1.187.jar])]
[10juil.2025 00:56:41.823] [main/INFO] [net.neoforged.fml.loading.moddiscovery.ModDiscoverer/SCAN]: Found mod file "neoforge-21.1.187.jar" [locator: neoforge devenv provider ([C:\Users\maest\Desktop\mod-test-vol\MDK-1.21.1-NeoGradle-main\.gradle\repositories\ng_dummy_ng\net\neoforged\neoforge\21.1.187\neoforge-21.1.187.jar])]
[10juil.2025 00:56:41.830] [main/INFO] [net.neoforged.fml.loading.moddiscovery.ModDiscoverer/SCAN]: Found mod file "main" [locator: userdev mods and services, reader: mod manifest]
[10juil.2025 00:56:41.841] [main/INFO] [net.neoforged.fml.loading.moddiscovery.ModDiscoverer/SCAN]: Found mod file "neoforge-21.1.187.jar" [locator: userdev mods and services, reader: mod manifest]
[10juil.2025 00:56:41.870] [pool-2-thread-1/INFO] [EARLYDISPLAY/]: GL info: NVIDIA GeForce RTX 3080/PCIe/SSE2 GL version 4.6.0 NVIDIA 565.90, NVIDIA Corporation
[10juil.2025 00:56:41.899] [main/INFO] [net.neoforged.fml.loading.moddiscovery.ModDiscoverer/SCAN]: Found gamelibrary file "mixinextras-neoforge-0.4.1.jar" [locator: userdev mods and services, reader: mod manifest]
[10juil.2025 00:56:41.992] [main/WARN] [net.neoforged.jarjar.selection.JarSelector/]: Attempted to select a dependency jar for JarJar which was passed in as source: library:mixinextras.neoforge. Using Mod File: C:\Users\maest\.gradle\caches\modules-2\files-2.1\io.github.llamalad7\mixinextras-neoforge\0.4.1\eff97772ecd0dcf8e52cdbafd3b3ccec425f8314\mixinextras-neoforge-0.4.1.jar
[10juil.2025 00:56:41.992] [main/INFO] [net.neoforged.fml.loading.moddiscovery.locators.JarInJarDependencyLocator/]: Found 1 dependencies adding them to mods collection
[10juil.2025 00:56:41.992] [main/INFO] [net.neoforged.fml.loading.moddiscovery.ModDiscoverer/SCAN]: Found library file "net.neoforged.neoforge-coremods-21.1.187.jar" [parent: neoforge-21.1.187.jar, locator: jarinjar, reader: mod manifest]
[10juil.2025 00:56:41.997] [main/INFO] [net.neoforged.fml.loading.moddiscovery.ModDiscoverer/]: 
     Mod List:
		Name Version (Mod Id)

		Minecraft 1.21.1 (minecraft)
		Mod Vol NeoForge 1.0 (modvol)
		NeoForge 21.1.187 (neoforge)
[10juil.2025 00:56:42.421] [main/INFO] [cpw.mods.modlauncher.LaunchServiceHandler/MODLAUNCHER]: Launching target 'forgeclientdev' with arguments [--version, 21.1.187, --gameDir, ., --assetsDir, C:\Users\maest\.gradle\caches\minecraft\assets, --assetIndex, asset-index]
[10juil.2025 00:56:44.586] [Datafixer Bootstrap/INFO] [com.mojang.datafixers.DataFixerBuilder/]: 229 Datafixer optimizations took 383 milliseconds
[10juil.2025 00:56:44.849] [pool-7-thread-1/INFO] [MixinExtras|Service/]: Initializing MixinExtras via com.llamalad7.mixinextras.service.MixinExtrasServiceImpl(version=0.4.1).
[10juil.2025 00:56:49.658] [main/WARN] [net.minecraft.commands.Commands/]: Ambiguity between arguments [teleport, location] and [teleport, destination] with inputs: [0.1 -0.5 .9, 0 0 0]
[10juil.2025 00:56:49.659] [main/WARN] [net.minecraft.commands.Commands/]: Ambiguity between arguments [teleport, location] and [teleport, targets] with inputs: [0.1 -0.5 .9, 0 0 0]
[10juil.2025 00:56:49.662] [main/WARN] [net.minecraft.commands.Commands/]: Ambiguity between arguments [teleport, destination] and [teleport, targets] with inputs: [Player, 0123, @e, dd12be42-52a9-4a91-a8a1-11c01849e498]
[10juil.2025 00:56:49.662] [main/WARN] [net.minecraft.commands.Commands/]: Ambiguity between arguments [teleport, targets] and [teleport, destination] with inputs: [Player, 0123, dd12be42-52a9-4a91-a8a1-11c01849e498]
[10juil.2025 00:56:49.663] [main/WARN] [net.minecraft.commands.Commands/]: Ambiguity between arguments [teleport, targets, location] and [teleport, targets, destination] with inputs: [0.1 -0.5 .9, 0 0 0]
[10juil.2025 00:56:49.772] [Render thread/WARN] [net.minecraft.server.packs.VanillaPackResourcesBuilder/]: Assets URL 'union:/C:/Users/maest/Desktop/mod-test-vol/MDK-1.21.1-NeoGradle-main/.gradle/repositories/ng_dummy_ng/net/neoforged/neoforge/21.1.187/neoforge-21.1.187.jar%23195!/assets/.mcassetsroot' uses unexpected schema
[10juil.2025 00:56:49.772] [Render thread/WARN] [net.minecraft.server.packs.VanillaPackResourcesBuilder/]: Assets URL 'union:/C:/Users/maest/Desktop/mod-test-vol/MDK-1.21.1-NeoGradle-main/.gradle/repositories/ng_dummy_ng/net/neoforged/neoforge/21.1.187/neoforge-21.1.187.jar%23195!/data/.mcassetsroot' uses unexpected schema
[10juil.2025 00:56:49.818] [Render thread/INFO] [com.mojang.authlib.yggdrasil.YggdrasilAuthenticationService/]: Environment: Environment[sessionHost=https://sessionserver.mojang.com, servicesHost=https://api.minecraftservices.com, name=PROD]
[10juil.2025 00:56:49.826] [Render thread/INFO] [net.minecraft.client.Minecraft/]: Setting user: Dev
[10juil.2025 00:56:50.034] [Render thread/INFO] [net.minecraft.client.Minecraft/]: Backend library: LWJGL version 3.3.3+5
[10juil.2025 00:56:50.354] [modloading-worker-0/INFO] [net.neoforged.neoforge.common.NeoForgeMod/NEOFORGE-MOD]: NeoForge mod loading, version 21.1.187, for MC 1.21.1
[10juil.2025 00:56:50.891] [Render thread/INFO] [net.neoforged.neoforge.gametest.GameTestHooks/]: Enabled Gametest Namespaces: [examplemod]
[10juil.2025 00:56:50.991] [Render thread/INFO] [net.minecraft.server.packs.resources.ReloadableResourceManager/]: Reloading ResourceManager: vanilla, mod_resources, mod/modvol, mod/neoforge
[10juil.2025 00:56:51.150] [Worker-Main-11/INFO] [net.minecraft.client.gui.font.providers.UnihexProvider/]: Found unifont_all_no_pua-15.1.05.hex, loading
[10juil.2025 00:56:51.211] [Worker-Main-6/INFO] [net.minecraft.client.gui.font.providers.UnihexProvider/]: Found unifont_jp_patch-15.1.05.hex, loading
[10juil.2025 00:56:52.422] [Render thread/WARN] [net.minecraft.client.sounds.SoundEngine/]: Missing sound for event: minecraft:item.goat_horn.play
[10juil.2025 00:56:52.422] [Render thread/WARN] [net.minecraft.client.sounds.SoundEngine/]: Missing sound for event: minecraft:entity.goat.screaming.horn_break
[10juil.2025 00:56:52.636] [Render thread/INFO] [com.mojang.blaze3d.audio.Library/]: OpenAL initialized on device OpenAL Soft on Headset Earphone (CORSAIR HS80 RGB Wireless Gaming Receiver)
[10juil.2025 00:56:52.637] [Render thread/INFO] [net.minecraft.client.sounds.SoundEngine/SOUNDS]: Sound engine started
[10juil.2025 00:56:52.718] [Render thread/INFO] [net.minecraft.client.renderer.texture.TextureAtlas/]: Created: 1024x512x4 minecraft:textures/atlas/blocks.png-atlas
[10juil.2025 00:56:52.724] [Render thread/INFO] [net.minecraft.client.renderer.texture.TextureAtlas/]: Created: 256x256x4 minecraft:textures/atlas/signs.png-atlas
[10juil.2025 00:56:52.724] [Render thread/INFO] [net.minecraft.client.renderer.texture.TextureAtlas/]: Created: 512x512x4 minecraft:textures/atlas/shield_patterns.png-atlas
[10juil.2025 00:56:52.725] [Render thread/INFO] [net.minecraft.client.renderer.texture.TextureAtlas/]: Created: 512x512x4 minecraft:textures/atlas/banner_patterns.png-atlas
[10juil.2025 00:56:52.725] [Render thread/INFO] [net.minecraft.client.renderer.texture.TextureAtlas/]: Created: 1024x1024x4 minecraft:textures/atlas/armor_trims.png-atlas
[10juil.2025 00:56:52.726] [Render thread/INFO] [net.minecraft.client.renderer.texture.TextureAtlas/]: Created: 256x256x4 minecraft:textures/atlas/chest.png-atlas
[10juil.2025 00:56:52.726] [Render thread/INFO] [net.minecraft.client.renderer.texture.TextureAtlas/]: Created: 128x64x4 minecraft:textures/atlas/decorated_pot.png-atlas
[10juil.2025 00:56:52.726] [Render thread/INFO] [net.minecraft.client.renderer.texture.TextureAtlas/]: Created: 512x256x4 minecraft:textures/atlas/beds.png-atlas
[10juil.2025 00:56:52.726] [Render thread/INFO] [net.minecraft.client.renderer.texture.TextureAtlas/]: Created: 512x256x4 minecraft:textures/atlas/shulker_boxes.png-atlas
[10juil.2025 00:56:52.928] [Render thread/INFO] [net.minecraft.client.renderer.texture.TextureAtlas/]: Created: 512x256x0 minecraft:textures/atlas/particles.png-atlas
[10juil.2025 00:56:52.930] [Render thread/INFO] [net.minecraft.client.renderer.texture.TextureAtlas/]: Created: 512x256x0 minecraft:textures/atlas/paintings.png-atlas
[10juil.2025 00:56:52.930] [Render thread/INFO] [net.minecraft.client.renderer.texture.TextureAtlas/]: Created: 256x128x0 minecraft:textures/atlas/mob_effects.png-atlas
[10juil.2025 00:56:52.930] [Render thread/INFO] [net.minecraft.client.renderer.texture.TextureAtlas/]: Created: 64x64x0 minecraft:textures/atlas/map_decorations.png-atlas
[10juil.2025 00:56:52.930] [Render thread/INFO] [net.minecraft.client.renderer.texture.TextureAtlas/]: Created: 1024x512x0 minecraft:textures/atlas/gui.png-atlas
[10juil.2025 00:56:52.956] [Render thread/WARN] [net.minecraft.client.renderer.ShaderInstance/]: Shader rendertype_entity_translucent_emissive could not find sampler named Sampler2 in the specified shader program.
[10juil.2025 00:56:53.000] [Render thread/INFO] [net.neoforged.neoforge.client.entity.animation.json.AnimationLoader/]: Loaded 0 entity animations
[10juil.2025 00:56:57.062] [Render thread/INFO] [net.minecraft.world.item.crafting.RecipeManager/]: Loaded 1290 recipes
[10juil.2025 00:56:57.278] [Render thread/INFO] [net.minecraft.advancements.AdvancementTree/]: Loaded 1399 advancements
[10juil.2025 00:57:02.140] [Server thread/INFO] [net.minecraft.client.server.IntegratedServer/]: Starting integrated minecraft server version 1.21.1
[10juil.2025 00:57:02.140] [Server thread/INFO] [net.minecraft.server.MinecraftServer/]: Generating keypair
[10juil.2025 00:57:04.354] [Server thread/INFO] [net.minecraft.server.MinecraftServer/]: Preparing start region for dimension minecraft:overworld
[10juil.2025 00:57:04.384] [progressListener/INFO] [net.minecraft.server.level.progress.LoggerChunkProgressListener/]: Préparation de la zone d'apparition : 2 %
[10juil.2025 00:57:04.874] [progressListener/INFO] [net.minecraft.server.level.progress.LoggerChunkProgressListener/]: Préparation de la zone d'apparition : 2 %
[10juil.2025 00:57:05.364] [progressListener/INFO] [net.minecraft.server.level.progress.LoggerChunkProgressListener/]: Préparation de la zone d'apparition : 18 %
[10juil.2025 00:57:05.878] [progressListener/INFO] [net.minecraft.server.level.progress.LoggerChunkProgressListener/]: Préparation de la zone d'apparition : 51 %
[10juil.2025 00:57:06.371] [progressListener/INFO] [net.minecraft.server.level.progress.LoggerChunkProgressListener/]: Préparation de la zone d'apparition : 51 %
[10juil.2025 00:57:06.479] [progressListener/INFO] [net.minecraft.server.level.progress.LoggerChunkProgressListener/]: Time elapsed: 2116 ms
[10juil.2025 00:57:06.482] [Server thread/INFO] [net.neoforged.neoforge.server.permission.PermissionAPI/]: Successfully initialized permission handler neoforge:default_handler
[10juil.2025 00:57:06.516] [Server thread/INFO] [net.minecraft.client.server.IntegratedServer/]: Changing view distance to 12, from 10
[10juil.2025 00:57:06.516] [Server thread/INFO] [net.minecraft.client.server.IntegratedServer/]: Changing simulation distance to 12, from 0
[10juil.2025 00:57:07.464] [Server thread/INFO] [net.minecraft.server.players.PlayerList/]: Dev[local:E:76c888fd] logged in with entity id 4 at (419.5, 68.0, -102.5)
[10juil.2025 00:57:07.550] [Server thread/INFO] [net.minecraft.server.MinecraftServer/]: Dev a rejoint la partie
[10juil.2025 00:57:07.712] [Render thread/INFO] [net.minecraft.advancements.AdvancementTree/]: Loaded 2 advancements
[10juil.2025 00:57:15.683] [Server thread/INFO] [net.minecraft.server.MinecraftServer/]: [Dev : Changement de votre propre mode de jeu en Mode Créatif]
[10juil.2025 00:57:15.691] [Render thread/INFO] [net.minecraft.client.gui.components.ChatComponent/]: [System] [CHAT] Changement de votre propre mode de jeu en Mode Créatif
[10juil.2025 00:57:26.429] [Server thread/INFO] [net.minecraft.server.MinecraftServer/]: Dev a réalisé le progrès [Un corps d'acier]
[10juil.2025 00:57:26.441] [Render thread/INFO] [net.minecraft.client.gui.components.ChatComponent/]: [System] [CHAT] Dev a réalisé le progrès [Un corps d'acier]
[10juil.2025 00:57:26.441] [Render thread/INFO] [net.minecraft.advancements.AdvancementTree/]: Loaded 10 advancements
[10juil.2025 00:57:30.206] [Server thread/INFO] [net.minecraft.server.MinecraftServer/]: [Dev : Changement de votre propre mode de jeu en Mode Survie]
[10juil.2025 00:57:30.206] [Render thread/INFO] [net.minecraft.client.gui.components.ChatComponent/]: [System] [CHAT] Changement de votre propre mode de jeu en Mode Survie
[10juil.2025 00:57:39.122] [Server thread/WARN] [net.minecraft.server.network.ServerGamePacketListenerImpl/]: Dev moved wrongly!
[10juil.2025 00:57:45.171] [Server thread/WARN] [net.minecraft.server.network.ServerGamePacketListenerImpl/]: Dev moved wrongly!
[10juil.2025 00:58:06.122] [Server thread/WARN] [net.minecraft.server.network.ServerGamePacketListenerImpl/]: Dev moved wrongly!
[10juil.2025 00:58:06.422] [Server thread/INFO] [net.minecraft.server.MinecraftServer/]: Dev a fait une terrible chute
[10juil.2025 00:58:06.440] [Render thread/INFO] [net.minecraft.client.gui.components.ChatComponent/]: [System] [CHAT] Dev a fait une terrible chute
[10juil.2025 00:58:08.485] [Server thread/INFO] [net.minecraft.client.server.IntegratedServer/]: Saving and pausing game...
[10juil.2025 00:58:08.499] [Server thread/INFO] [net.minecraft.server.MinecraftServer/]: Saving chunks for level 'ServerLevel[Nouveau monde]'/minecraft:overworld
[10juil.2025 00:58:08.513] [Server thread/INFO] [net.minecraft.server.MinecraftServer/]: Saving chunks for level 'ServerLevel[Nouveau monde]'/minecraft:the_nether
[10juil.2025 00:58:08.513] [Server thread/INFO] [net.minecraft.server.MinecraftServer/]: Saving chunks for level 'ServerLevel[Nouveau monde]'/minecraft:the_end
[10juil.2025 00:58:10.781] [Server thread/INFO] [net.minecraft.server.network.ServerGamePacketListenerImpl/]: Dev lost connection: Déconnecté(e)
[10juil.2025 00:58:10.781] [Server thread/INFO] [net.minecraft.server.MinecraftServer/]: Dev a quitté la partie
[10juil.2025 00:58:10.788] [Server thread/INFO] [net.minecraft.server.network.ServerCommonPacketListenerImpl/]: Stopping singleplayer server as player logged out
[10juil.2025 00:58:10.788] [Server thread/INFO] [net.minecraft.server.MinecraftServer/]: Stopping server
[10juil.2025 00:58:10.789] [Server thread/INFO] [net.minecraft.server.MinecraftServer/]: Saving players
[10juil.2025 00:58:10.789] [Server thread/INFO] [net.minecraft.server.MinecraftServer/]: Saving worlds
[10juil.2025 00:58:10.869] [Server thread/INFO] [net.minecraft.server.MinecraftServer/]: Saving chunks for level 'ServerLevel[Nouveau monde]'/minecraft:overworld
[10juil.2025 00:58:11.124] [Server thread/INFO] [net.minecraft.server.MinecraftServer/]: Saving chunks for level 'ServerLevel[Nouveau monde]'/minecraft:the_nether
[10juil.2025 00:58:11.126] [Server thread/INFO] [net.minecraft.server.MinecraftServer/]: Saving chunks for level 'ServerLevel[Nouveau monde]'/minecraft:the_end
[10juil.2025 00:58:11.132] [Server thread/INFO] [net.minecraft.server.MinecraftServer/]: ThreadedAnvilChunkStorage (Nouveau monde): All chunks are saved
[10juil.2025 00:58:11.132] [Server thread/INFO] [net.minecraft.server.MinecraftServer/]: ThreadedAnvilChunkStorage (DIM-1): All chunks are saved
[10juil.2025 00:58:11.132] [Server thread/INFO] [net.minecraft.server.MinecraftServer/]: ThreadedAnvilChunkStorage (DIM1): All chunks are saved
[10juil.2025 00:58:11.132] [Server thread/INFO] [net.minecraft.server.MinecraftServer/]: ThreadedAnvilChunkStorage: All dimensions are saved
[10juil.2025 00:58:12.399] [Render thread/INFO] [net.minecraft.client.Minecraft/]: Stopping!
